<?xml version="1.0" encoding="UTF-8"?>
<testng-results ignored="0" total="1" passed="1" failed="0" skipped="0">
  <reporter-output>
    <line>
      <![CDATA[welcome to demo webShop]]>
    </line>
  </reporter-output>
  <suite started-at="2023-12-29T09:18:39 IST" name="Surefire suite" finished-at="2023-12-29T09:18:46 IST" duration-ms="7001">
    <groups>
    </groups>
    <test started-at="2023-12-29T09:18:39 IST" name="Surefire test" finished-at="2023-12-29T09:18:46 IST" duration-ms="7001">
      <class name="shopping.Dwsparameters">
        <test-method signature="dws()[pri:0, instance:shopping.Dwsparameters@19d37183]" started-at="2023-12-29T09:18:39 IST" name="dws" finished-at="2023-12-29T09:18:46 IST" duration-ms="6968" status="PASS">
          <reporter-output>
            <line>
              <![CDATA[welcome to demo webShop]]>
            </line>
          </reporter-output>
        </test-method> <!-- dws -->
      </class> <!-- shopping.Dwsparameters -->
    </test> <!-- Surefire test -->
  </suite> <!-- Surefire suite -->
</testng-results>
